<?xml version="1.0" encoding="UTF-8"?>
<testng-results ignored="0" total="2" passed="2" failed="0" skipped="0">
  <reporter-output>
  </reporter-output>
  <suite started-at="2026-01-15T00:35:11 IST" name="Suite" finished-at="2026-01-15T00:35:36 IST" duration-ms="25422">
    <groups>
      <group name="Master">
        <method signature="TC001_AccountRegistrationTest.verify_account_registration()[pri:0, instance:testCase.TC001_AccountRegistrationTest@3668d4]" name="verify_account_registration" class="testCase.TC001_AccountRegistrationTest"/>
        <method signature="TC002_LoginTest.verify_login()[pri:0, instance:testCase.TC002_LoginTest@7f6f61c8]" name="verify_login" class="testCase.TC002_LoginTest"/>
      </group> <!-- Master -->
      <group name="Sanity">
        <method signature="TC002_LoginTest.verify_login()[pri:0, instance:testCase.TC002_LoginTest@7f6f61c8]" name="verify_login" class="testCase.TC002_LoginTest"/>
      </group> <!-- Sanity -->
      <group name="Regression">
        <method signature="TC001_AccountRegistrationTest.verify_account_registration()[pri:0, instance:testCase.TC001_AccountRegistrationTest@3668d4]" name="verify_account_registration" class="testCase.TC001_AccountRegistrationTest"/>
      </group> <!-- Regression -->
    </groups>
    <test started-at="2026-01-15T00:35:11 IST" name="Test" finished-at="2026-01-15T00:35:36 IST" duration-ms="25422">
      <class name="testCase.TC002_LoginTest">
        <test-method is-config="true" signature="setUp(java.lang.String,java.lang.String)[pri:0, instance:testCase.TC002_LoginTest@7f6f61c8]" started-at="2026-01-15T00:35:24 IST" name="setUp" finished-at="2026-01-15T00:35:32 IST" duration-ms="7187" status="PASS">
          <params>
            <param index="0">
              <value>
                <![CDATA[Windows]]>
              </value>
            </param>
            <param index="1">
              <value>
                <![CDATA[firefox]]>
              </value>
            </param>
          </params>
          <reporter-output>
          </reporter-output>
        </test-method> <!-- setUp -->
        <test-method signature="verify_login()[pri:0, instance:testCase.TC002_LoginTest@7f6f61c8]" started-at="2026-01-15T00:35:32 IST" name="verify_login" finished-at="2026-01-15T00:35:34 IST" duration-ms="2087" status="PASS">
          <reporter-output>
          </reporter-output>
        </test-method> <!-- verify_login -->
        <test-method is-config="true" signature="tearDown()[pri:0, instance:testCase.TC002_LoginTest@7f6f61c8]" started-at="2026-01-15T00:35:34 IST" name="tearDown" finished-at="2026-01-15T00:35:36 IST" duration-ms="2289" status="PASS">
          <reporter-output>
          </reporter-output>
        </test-method> <!-- tearDown -->
      </class> <!-- testCase.TC002_LoginTest -->
      <class name="testCase.TC001_AccountRegistrationTest">
        <test-method is-config="true" signature="setUp(java.lang.String,java.lang.String)[pri:0, instance:testCase.TC001_AccountRegistrationTest@3668d4]" started-at="2026-01-15T00:35:11 IST" name="setUp" finished-at="2026-01-15T00:35:19 IST" duration-ms="8062" status="PASS">
          <params>
            <param index="0">
              <value>
                <![CDATA[Windows]]>
              </value>
            </param>
            <param index="1">
              <value>
                <![CDATA[firefox]]>
              </value>
            </param>
          </params>
          <reporter-output>
          </reporter-output>
        </test-method> <!-- setUp -->
        <test-method signature="verify_account_registration()[pri:0, instance:testCase.TC001_AccountRegistrationTest@3668d4]" started-at="2026-01-15T00:35:19 IST" name="verify_account_registration" finished-at="2026-01-15T00:35:21 IST" duration-ms="2480" status="PASS">
          <reporter-output>
          </reporter-output>
        </test-method> <!-- verify_account_registration -->
        <test-method is-config="true" signature="tearDown()[pri:0, instance:testCase.TC001_AccountRegistrationTest@3668d4]" started-at="2026-01-15T00:35:21 IST" name="tearDown" finished-at="2026-01-15T00:35:24 IST" duration-ms="2992" status="PASS">
          <reporter-output>
          </reporter-output>
        </test-method> <!-- tearDown -->
      </class> <!-- testCase.TC001_AccountRegistrationTest -->
    </test> <!-- Test -->
  </suite> <!-- Suite -->
</testng-results>
